 2017-10-31 11:36:33 : 'print get<br>array (
  \'name\' => \'ding\',
  \'age\' => \'23\',
)print post<br>NULLNULLarray (
  \'query_string\' => \'name=ding&age=23\',
  \'request_method\' => \'GET\',
  \'request_uri\' => \'/\',
  \'path_info\' => \'/\',
  \'request_time\' => 1509420993,
  \'request_time_float\' => 1509420993.179527,
  \'server_port\' => 9501,
  \'remote_port\' => 61491,
  \'remote_addr\' => \'127.0.0.1\',
  \'master_time\' => 1509420993,
  \'server_protocol\' => \'HTTP/1.1\',
  \'server_software\' => \'swoole-http-server\',
)array (
  \'Phpstorm-477cd26f\' => \'62858390-4fc6-4e22-95a0-0aa00132b7b2\',
)'
 2017-10-31 11:36:33 : 'print get<br>NULLprint post<br>NULLNULLarray (
  \'request_method\' => \'GET\',
  \'request_uri\' => \'/favicon.ico\',
  \'path_info\' => \'/favicon.ico\',
  \'request_time\' => 1509420993,
  \'request_time_float\' => 1509420993.213241,
  \'server_port\' => 9501,
  \'remote_port\' => 61491,
  \'remote_addr\' => \'127.0.0.1\',
  \'master_time\' => 1509420993,
  \'server_protocol\' => \'HTTP/1.1\',
  \'server_software\' => \'swoole-http-server\',
)array (
  \'Phpstorm-477cd26f\' => \'62858390-4fc6-4e22-95a0-0aa00132b7b2\',
)'
 2017-10-31 11:40:12 : 'print get<br>NULLprint post<br>NULLNULLarray (
  \'request_method\' => \'GET\',
  \'request_uri\' => \'/favicon.ico\',
  \'path_info\' => \'/favicon.ico\',
  \'request_time\' => 1509421212,
  \'request_time_float\' => 1509421212.459275,
  \'server_port\' => 9501,
  \'remote_port\' => 61491,
  \'remote_addr\' => \'127.0.0.1\',
  \'master_time\' => 1509421212,
  \'server_protocol\' => \'HTTP/1.1\',
  \'server_software\' => \'swoole-http-server\',
)array (
  \'Phpstorm-477cd26f\' => \'62858390-4fc6-4e22-95a0-0aa00132b7b2\',
)'
 2017-10-31 11:43:15 : 'print get<br>array (
  \'name\' => \'ding\',
  \'age\' => \'23\',
)print post<br>NULLNULLarray (
  \'query_string\' => \'name=ding&age=23\',
  \'request_method\' => \'GET\',
  \'request_uri\' => \'/\',
  \'path_info\' => \'/\',
  \'request_time\' => 1509421395,
  \'request_time_float\' => 1509421395.328065,
  \'server_port\' => 9501,
  \'remote_port\' => 63814,
  \'remote_addr\' => \'127.0.0.1\',
  \'master_time\' => 1509421395,
  \'server_protocol\' => \'HTTP/1.1\',
  \'server_software\' => \'swoole-http-server\',
)array (
  \'Phpstorm-477cd26f\' => \'62858390-4fc6-4e22-95a0-0aa00132b7b2\',
)'
 2017-10-31 11:43:15 : 'print get<br>NULLprint post<br>NULLNULLarray (
  \'request_method\' => \'GET\',
  \'request_uri\' => \'/favicon.ico\',
  \'path_info\' => \'/favicon.ico\',
  \'request_time\' => 1509421395,
  \'request_time_float\' => 1509421395.361061,
  \'server_port\' => 9501,
  \'remote_port\' => 63814,
  \'remote_addr\' => \'127.0.0.1\',
  \'master_time\' => 1509421395,
  \'server_protocol\' => \'HTTP/1.1\',
  \'server_software\' => \'swoole-http-server\',
)array (
  \'Phpstorm-477cd26f\' => \'62858390-4fc6-4e22-95a0-0aa00132b7b2\',
)'
 2017-10-31 13:11:29 : 'print post<br>array (
  \'email\' => \'\',
)print file<br>array (
  \'img\' => 
  array (
    \'name\' => \'\',
    \'type\' => \'application/octet-stream\',
    \'tmp_name\' => \'/tmp/swoole.upfile.xjFMq3\',
    \'error\' => 0,
    \'size\' => 0,
  ),
)print server<br>array (
  \'query_string\' => \'name=ding&age=23\',
  \'request_method\' => \'POST\',
  \'request_uri\' => \'/\',
  \'path_info\' => \'/\',
  \'request_time\' => 1509426689,
  \'request_time_float\' => 1509426689.545941,
  \'server_port\' => 9501,
  \'remote_port\' => 57677,
  \'remote_addr\' => \'127.0.0.1\',
  \'master_time\' => 1509426689,
  \'server_protocol\' => \'HTTP/1.1\',
  \'server_software\' => \'swoole-http-server\',
)print cookie<br>array (
  \'Phpstorm-477cd26f\' => \'62858390-4fc6-4e22-95a0-0aa00132b7b2\',
)'
 2017-10-31 13:11:29 : 'print post<br>NULLprint file<br>NULLprint server<br>array (
  \'request_method\' => \'GET\',
  \'request_uri\' => \'/favicon.ico\',
  \'path_info\' => \'/favicon.ico\',
  \'request_time\' => 1509426689,
  \'request_time_float\' => 1509426689.586031,
  \'server_port\' => 9501,
  \'remote_port\' => 57677,
  \'remote_addr\' => \'127.0.0.1\',
  \'master_time\' => 1509426689,
  \'server_protocol\' => \'HTTP/1.1\',
  \'server_software\' => \'swoole-http-server\',
)print cookie<br>array (
  \'Phpstorm-477cd26f\' => \'62858390-4fc6-4e22-95a0-0aa00132b7b2\',
)'
 2017-10-31 13:26:50 : 'print post
array (
  \'email\' => \'ding@qq.com\',
)print file
NULLprint server
array (
  \'query_string\' => \'name=ding&age=23\',
  \'request_method\' => \'POST\',
  \'request_uri\' => \'/\',
  \'path_info\' => \'/\',
  \'request_time\' => 1509427610,
  \'request_time_float\' => 1509427610.589768,
  \'server_port\' => 9501,
  \'remote_port\' => 60932,
  \'remote_addr\' => \'127.0.0.1\',
  \'master_time\' => 1509427610,
  \'server_protocol\' => \'HTTP/1.1\',
  \'server_software\' => \'swoole-http-server\',
)print cookie
NULL'
 2017-10-31 13:27:44 : 'print post
array (
  \'email\' => \'ding@qq.com\',
)print file
NULLprint server
array (
  \'query_string\' => \'name=ding&age=23\',
  \'request_method\' => \'POST\',
  \'request_uri\' => \'/\',
  \'path_info\' => \'/\',
  \'request_time\' => 1509427664,
  \'request_time_float\' => 1509427664.609591,
  \'server_port\' => 9501,
  \'remote_port\' => 60932,
  \'remote_addr\' => \'127.0.0.1\',
  \'master_time\' => 1509427664,
  \'server_protocol\' => \'HTTP/1.1\',
  \'server_software\' => \'swoole-http-server\',
)print cookie
NULL'
